0 verbose cli C:\Program Files\nodejs\node.exe C:\Program Files\nodejs\node_modules\npm\bin\npm-cli.js
1 info using npm@11.3.0
2 info using node@v24.0.1
3 silly config load:file:C:\Program Files\nodejs\node_modules\npm\npmrc
4 silly config load:file:C:\Users\pc-fu\Desktop\TaskFrontend\.npmrc
5 silly config load:file:C:\Users\pc-fu\.npmrc
6 silly config load:file:C:\Users\pc-fu\AppData\Roaming\npm\etc\npmrc
7 verbose title npm run lint
8 verbose argv "run" "lint" "--cache" "--fix"
9 verbose logfile logs-max:10 dir:C:\Users\pc-fu\Desktop\TaskFrontend\--fix\_logs\2025-06-04T16_47_29_930Z-
10 verbose logfile C:\Users\pc-fu\Desktop\TaskFrontend\--fix\_logs\2025-06-04T16_47_29_930Z-debug-0.log
11 silly logfile done cleaning log files
12 http fetch GET 200 https://registry.npmjs.org/npm 412ms
13 verbose cwd C:\Users\pc-fu\Desktop\TaskFrontend
14 verbose os Windows_NT 10.0.26100
15 verbose node v24.0.1
16 verbose npm  v11.3.0
17 notice
17 notice New [33mminor[39m version of npm available! [33m11.3.0[39m -> [34m11.4.1[39m
17 notice Changelog: [34mhttps://github.com/npm/cli/releases/tag/v11.4.1[39m
17 notice To update run: [4mnpm install -g npm@11.4.1[24m
17 notice  { force: true, Symbol(proc-log.meta): true }
18 verbose exit 1
19 verbose code 1
